# JRE version: OpenJDK Runtime Environment GraalVM CE 22.3.0 (17.0.5+8) (build 17.0.5+8-jvmci-22.3-b08)
# Java VM: OpenJDK 64-Bit Server VM GraalVM CE 22.3.0 (17.0.5+8-jvmci-22.3-b08, mixed mode, sharing, tiered, jvmci, jvmci compiler, compressed oops, compressed class ptrs, parallel gc, linux-amd64)
GC Precious Log:
 CPUs: 8 total, 1 available
 Memory: 1024M
 Large Page Support: Disabled
 NUMA Support: Disabled
 Compressed Oops: Enabled (32-bit)
 Alignments: Space 512K, Generation 512K, Heap 2M
 Heap Min Capacity: 100M
 Heap Initial Capacity: 100M
 Heap Max Capacity: 512M
 Pre-touch: Disabled
 Parallel Workers: 1
Heap:
 PSYoungGen      total 51200K, used 37376K [0x00000000f5580000, 0x00000000f9700000, 0x0000000100000000)
  eden space 37376K, 100% used [0x00000000f5580000,0x00000000f7a00000,0x00000000f7a00000)
  from space 13824K, 0% used [0x00000000f8780000,0x00000000f8780000,0x00000000f9500000)
  to   space 13824K, 0% used [0x00000000f7a00000,0x00000000f7a00000,0x00000000f8780000)
 ParOldGen       total 349696K, used 349695K [0x00000000e0000000, 0x00000000f5580000, 0x00000000f5580000)
  object space 349696K, 99% used [0x00000000e0000000,0x00000000f557fff0,0x00000000f5580000)
 Metaspace       used 61475K, committed 62656K, reserved 1105920K
  class space    used 6051K, committed 6528K, reserved 1048576K
GC Heap History (20 events):
Event: 358.312 GC heap before
{Heap before GC invocations=347 (full 211):
 PSYoungGen      total 51200K, used 37376K [0x00000000f5580000, 0x00000000f9700000, 0x0000000100000000)
  eden space 37376K, 100% used [0x00000000f5580000,0x00000000f7a00000,0x00000000f7a00000)
  from space 13824K, 0% used [0x00000000f8780000,0x00000000f8780000,0x00000000f9500000)
  to   space 13824K, 0% used [0x00000000f7a00000,0x00000000f7a00000,0x00000000f8780000)
 ParOldGen       total 349696K, used 349695K [0x00000000e0000000, 0x00000000f5580000, 0x00000000f5580000)
  object space 349696K, 99% used [0x00000000e0000000,0x00000000f557fff0,0x00000000f5580000)
 Metaspace       used 61473K, committed 62656K, reserved 1105920K
  class space    used 6050K, committed 6528K, reserved 1048576K
}
Event: 359.686 GC heap after
{Heap after GC invocations=347 (full 211):
 PSYoungGen      total 51200K, used 37376K [0x00000000f5580000, 0x00000000f9700000, 0x0000000100000000)
  eden space 37376K, 100% used [0x00000000f5580000,0x00000000f7a00000,0x00000000f7a00000)
  from space 13824K, 0% used [0x00000000f7a00000,0x00000000f7a00000,0x00000000f8780000)
  to   space 13824K, 0% used [0x00000000f8780000,0x00000000f8780000,0x00000000f9500000)
 ParOldGen       total 349696K, used 349695K [0x00000000e0000000, 0x00000000f5580000, 0x00000000f5580000)
  object space 349696K, 99% used [0x00000000e0000000,0x00000000f557fff0,0x00000000f5580000)
 Metaspace       used 61473K, committed 62656K, reserved 1105920K
  class space    used 6050K, committed 6528K, reserved 1048576K
}
Event: 359.686 GC heap before
{Heap before GC invocations=348 (full 212):
 PSYoungGen      total 51200K, used 37376K [0x00000000f5580000, 0x00000000f9700000, 0x0000000100000000)
  eden space 37376K, 100% used [0x00000000f5580000,0x00000000f7a00000,0x00000000f7a00000)
  from space 13824K, 0% used [0x00000000f7a00000,0x00000000f7a00000,0x00000000f8780000)
  to   space 13824K, 0% used [0x00000000f8780000,0x00000000f8780000,0x00000000f9500000)
 ParOldGen       total 349696K, used 349695K [0x00000000e0000000, 0x00000000f5580000, 0x00000000f5580000)
  object space 349696K, 99% used [0x00000000e0000000,0x00000000f557fff0,0x00000000f5580000)
 Metaspace       used 61473K, committed 62656K, reserved 1105920K
  class space    used 6050K, committed 6528K, reserved 1048576K
}
Event: 361.062 GC heap after
{Heap after GC invocations=348 (full 212):
 PSYoungGen      total 51200K, used 37376K [0x00000000f5580000, 0x00000000f9700000, 0x0000000100000000)
  eden space 37376K, 100% used [0x00000000f5580000,0x00000000f7a00000,0x00000000f7a00000)
  from space 13824K, 0% used [0x00000000f8780000,0x00000000f8780000,0x00000000f9500000)
  to   space 13824K, 0% used [0x00000000f7a00000,0x00000000f7a00000,0x00000000f8780000)
 ParOldGen       total 349696K, used 349695K [0x00000000e0000000, 0x00000000f5580000, 0x00000000f5580000)
  object space 349696K, 99% used [0x00000000e0000000,0x00000000f557ffa0,0x00000000f5580000)
 Metaspace       used 61473K, committed 62656K, reserved 1105920K
  class space    used 6050K, committed 6528K, reserved 1048576K
}
Event: 361.062 GC heap before
{Heap before GC invocations=349 (full 213):
 PSYoungGen      total 51200K, used 37376K [0x00000000f5580000, 0x00000000f9700000, 0x0000000100000000)
  eden space 37376K, 100% used [0x00000000f5580000,0x00000000f7a00000,0x00000000f7a00000)
  from space 13824K, 0% used [0x00000000f8780000,0x00000000f8780000,0x00000000f9500000)
  to   space 13824K, 0% used [0x00000000f7a00000,0x00000000f7a00000,0x00000000f8780000)
 ParOldGen       total 349696K, used 349695K [0x00000000e0000000, 0x00000000f5580000, 0x00000000f5580000)
  object space 349696K, 99% used [0x00000000e0000000,0x00000000f557fff0,0x00000000f5580000)
 Metaspace       used 61473K, committed 62656K, reserved 1105920K
  class space    used 6050K, committed 6528K, reserved 1048576K
}
Event: 362.399 GC heap after
{Heap after GC invocations=349 (full 213):
 PSYoungGen      total 51200K, used 37369K [0x00000000f5580000, 0x00000000f9700000, 0x0000000100000000)
  eden space 37376K, 99% used [0x00000000f5580000,0x00000000f79fe5c8,0x00000000f7a00000)
  from space 13824K, 0% used [0x00000000f7a00000,0x00000000f7a00000,0x00000000f8780000)
  to   space 13824K, 0% used [0x00000000f8780000,0x00000000f8780000,0x00000000f9500000)
 ParOldGen       total 349696K, used 349687K [0x00000000e0000000, 0x00000000f5580000, 0x00000000f5580000)
  object space 349696K, 99% used [0x00000000e0000000,0x00000000f557dcc0,0x00000000f5580000)
 Metaspace       used 61473K, committed 62656K, reserved 1105920K
  class space    used 6050K, committed 6528K, reserved 1048576K
}
Event: 362.400 GC heap before
{Heap before GC invocations=350 (full 214):
 PSYoungGen      total 51200K, used 37376K [0x00000000f5580000, 0x00000000f9700000, 0x0000000100000000)
  eden space 37376K, 100% used [0x00000000f5580000,0x00000000f7a00000,0x00000000f7a00000)
  from space 13824K, 0% used [0x00000000f7a00000,0x00000000f7a00000,0x00000000f8780000)
  to   space 13824K, 0% used [0x00000000f8780000,0x00000000f8780000,0x00000000f9500000)
 ParOldGen       total 349696K, used 349687K [0x00000000e0000000, 0x00000000f5580000, 0x00000000f5580000)
  object space 349696K, 99% used [0x00000000e0000000,0x00000000f557dcc0,0x00000000f5580000)
 Metaspace       used 61473K, committed 62656K, reserved 1105920K
  class space    used 6050K, committed 6528K, reserved 1048576K
}
Event: 363.598 GC heap after
{Heap after GC invocations=350 (full 214):
 PSYoungGen      total 51200K, used 37369K [0x00000000f5580000, 0x00000000f9700000, 0x0000000100000000)
  eden space 37376K, 99% used [0x00000000f5580000,0x00000000f79fe7d8,0x00000000f7a00000)
  from space 13824K, 0% used [0x00000000f8780000,0x00000000f8780000,0x00000000f9500000)
  to   space 13824K, 0% used [0x00000000f7a00000,0x00000000f7a00000,0x00000000f8780000)
 ParOldGen       total 349696K, used 349687K [0x00000000e0000000, 0x00000000f5580000, 0x00000000f5580000)
  object space 349696K, 99% used [0x00000000e0000000,0x00000000f557dcc0,0x00000000f5580000)
 Metaspace       used 61473K, committed 62656K, reserved 1105920K
  class space    used 6050K, committed 6528K, reserved 1048576K
}
Event: 363.599 GC heap before
{Heap before GC invocations=351 (full 215):
 PSYoungGen      total 51200K, used 37376K [0x00000000f5580000, 0x00000000f9700000, 0x0000000100000000)
  eden space 37376K, 100% used [0x00000000f5580000,0x00000000f7a00000,0x00000000f7a00000)
  from space 13824K, 0% used [0x00000000f8780000,0x00000000f8780000,0x00000000f9500000)
  to   space 13824K, 0% used [0x00000000f7a00000,0x00000000f7a00000,0x00000000f8780000)
 ParOldGen       total 349696K, used 349687K [0x00000000e0000000, 0x00000000f5580000, 0x00000000f5580000)
  object space 349696K, 99% used [0x00000000e0000000,0x00000000f557dcc0,0x00000000f5580000)
 Metaspace       used 61473K, committed 62656K, reserved 1105920K
  class space    used 6050K, committed 6528K, reserved 1048576K
}
Event: 364.993 GC heap after
{Heap after GC invocations=351 (full 215):
 PSYoungGen      total 51200K, used 37371K [0x00000000f5580000, 0x00000000f9700000, 0x0000000100000000)
  eden space 37376K, 99% used [0x00000000f5580000,0x00000000f79fec38,0x00000000f7a00000)
  from space 13824K, 0% used [0x00000000f7a00000,0x00000000f7a00000,0x00000000f8780000)
  to   space 13824K, 0% used [0x00000000f8780000,0x00000000f8780000,0x00000000f9500000)
 ParOldGen       total 349696K, used 349687K [0x00000000e0000000, 0x00000000f5580000, 0x00000000f5580000)
  object space 349696K, 99% used [0x00000000e0000000,0x00000000f557dcc0,0x00000000f5580000)
 Metaspace       used 61473K, committed 62656K, reserved 1105920K
  class space    used 6050K, committed 6528K, reserved 1048576K
}
Event: 364.994 GC heap before
{Heap before GC invocations=352 (full 216):
 PSYoungGen      total 51200K, used 37376K [0x00000000f5580000, 0x00000000f9700000, 0x0000000100000000)
  eden space 37376K, 100% used [0x00000000f5580000,0x00000000f7a00000,0x00000000f7a00000)
  from space 13824K, 0% used [0x00000000f7a00000,0x00000000f7a00000,0x00000000f8780000)
  to   space 13824K, 0% used [0x00000000f8780000,0x00000000f8780000,0x00000000f9500000)
 ParOldGen       total 349696K, used 349687K [0x00000000e0000000, 0x00000000f5580000, 0x00000000f5580000)
  object space 349696K, 99% used [0x00000000e0000000,0x00000000f557dcc0,0x00000000f5580000)
 Metaspace       used 61475K, committed 62656K, reserved 1105920K
  class space    used 6051K, committed 6528K, reserved 1048576K
}
Event: 366.464 GC heap after
{Heap after GC invocations=352 (full 216):
 PSYoungGen      total 51200K, used 37371K [0x00000000f5580000, 0x00000000f9700000, 0x0000000100000000)
  eden space 37376K, 99% used [0x00000000f5580000,0x00000000f79fee30,0x00000000f7a00000)
  from space 13824K, 0% used [0x00000000f8780000,0x00000000f8780000,0x00000000f9500000)
  to   space 13824K, 0% used [0x00000000f7a00000,0x00000000f7a00000,0x00000000f8780000)
 ParOldGen       total 349696K, used 349686K [0x00000000e0000000, 0x00000000f5580000, 0x00000000f5580000)
  object space 349696K, 99% used [0x00000000e0000000,0x00000000f557da70,0x00000000f5580000)
 Metaspace       used 61475K, committed 62656K, reserved 1105920K
  class space    used 6051K, committed 6528K, reserved 1048576K
}
Event: 366.464 GC heap before
{Heap before GC invocations=353 (full 217):
 PSYoungGen      total 51200K, used 37374K [0x00000000f5580000, 0x00000000f9700000, 0x0000000100000000)
  eden space 37376K, 99% used [0x00000000f5580000,0x00000000f79ffb18,0x00000000f7a00000)
  from space 13824K, 0% used [0x00000000f8780000,0x00000000f8780000,0x00000000f9500000)
  to   space 13824K, 0% used [0x00000000f7a00000,0x00000000f7a00000,0x00000000f8780000)
 ParOldGen       total 349696K, used 349686K [0x00000000e0000000, 0x00000000f5580000, 0x00000000f5580000)
  object space 349696K, 99% used [0x00000000e0000000,0x00000000f557da70,0x00000000f5580000)
 Metaspace       used 61475K, committed 62656K, reserved 1105920K
  class space    used 6051K, committed 6528K, reserved 1048576K
}
Event: 367.905 GC heap after
{Heap after GC invocations=353 (full 217):
 PSYoungGen      total 51200K, used 37372K [0x00000000f5580000, 0x00000000f9700000, 0x0000000100000000)
  eden space 37376K, 99% used [0x00000000f5580000,0x00000000f79ff140,0x00000000f7a00000)
  from space 13824K, 0% used [0x00000000f7a00000,0x00000000f7a00000,0x00000000f8780000)
  to   space 13824K, 0% used [0x00000000f8780000,0x00000000f8780000,0x00000000f9500000)
 ParOldGen       total 349696K, used 349686K [0x00000000e0000000, 0x00000000f5580000, 0x00000000f5580000)
  object space 349696K, 99% used [0x00000000e0000000,0x00000000f557da30,0x00000000f5580000)
 Metaspace       used 61475K, committed 62656K, reserved 1105920K
  class space    used 6051K, committed 6528K, reserved 1048576K
}
Event: 367.958 GC heap before
{Heap before GC invocations=354 (full 218):
 PSYoungGen      total 51200K, used 37375K [0x00000000f5580000, 0x00000000f9700000, 0x0000000100000000)
  eden space 37376K, 99% used [0x00000000f5580000,0x00000000f79ffff8,0x00000000f7a00000)
  from space 13824K, 0% used [0x00000000f7a00000,0x00000000f7a00000,0x00000000f8780000)
  to   space 13824K, 0% used [0x00000000f8780000,0x00000000f8780000,0x00000000f9500000)
 ParOldGen       total 349696K, used 349693K [0x00000000e0000000, 0x00000000f5580000, 0x00000000f5580000)
  object space 349696K, 99% used [0x00000000e0000000,0x00000000f557f5c8,0x00000000f5580000)
 Metaspace       used 61475K, committed 62656K, reserved 1105920K
  class space    used 6051K, committed 6528K, reserved 1048576K
}
Event: 369.264 GC heap after
{Heap after GC invocations=354 (full 218):
 PSYoungGen      total 51200K, used 37370K [0x00000000f5580000, 0x00000000f9700000, 0x0000000100000000)
  eden space 37376K, 99% used [0x00000000f5580000,0x00000000f79fe920,0x00000000f7a00000)
  from space 13824K, 0% used [0x00000000f8780000,0x00000000f8780000,0x00000000f9500000)
  to   space 13824K, 0% used [0x00000000f7a00000,0x00000000f7a00000,0x00000000f8780000)
 ParOldGen       total 349696K, used 349693K [0x00000000e0000000, 0x00000000f5580000, 0x00000000f5580000)
  object space 349696K, 99% used [0x00000000e0000000,0x00000000f557f4d8,0x00000000f5580000)
 Metaspace       used 61475K, committed 62656K, reserved 1105920K
  class space    used 6051K, committed 6528K, reserved 1048576K
}
Event: 369.265 GC heap before
{Heap before GC invocations=355 (full 219):
 PSYoungGen      total 51200K, used 37376K [0x00000000f5580000, 0x00000000f9700000, 0x0000000100000000)
  eden space 37376K, 100% used [0x00000000f5580000,0x00000000f7a00000,0x00000000f7a00000)
  from space 13824K, 0% used [0x00000000f8780000,0x00000000f8780000,0x00000000f9500000)
  to   space 13824K, 0% used [0x00000000f7a00000,0x00000000f7a00000,0x00000000f8780000)
 ParOldGen       total 349696K, used 349693K [0x00000000e0000000, 0x00000000f5580000, 0x00000000f5580000)
  object space 349696K, 99% used [0x00000000e0000000,0x00000000f557f4d8,0x00000000f5580000)
 Metaspace       used 61475K, committed 62656K, reserved 1105920K
  class space    used 6051K, committed 6528K, reserved 1048576K
}
Event: 370.569 GC heap after
{Heap after GC invocations=355 (full 219):
 PSYoungGen      total 51200K, used 37374K [0x00000000f5580000, 0x00000000f9700000, 0x0000000100000000)
  eden space 37376K, 99% used [0x00000000f5580000,0x00000000f79ff808,0x00000000f7a00000)
  from space 13824K, 0% used [0x00000000f7a00000,0x00000000f7a00000,0x00000000f8780000)
  to   space 13824K, 0% used [0x00000000f8780000,0x00000000f8780000,0x00000000f9500000)
 ParOldGen       total 349696K, used 349693K [0x00000000e0000000, 0x00000000f5580000, 0x00000000f5580000)
  object space 349696K, 99% used [0x00000000e0000000,0x00000000f557f4d8,0x00000000f5580000)
 Metaspace       used 61475K, committed 62656K, reserved 1105920K
  class space    used 6051K, committed 6528K, reserved 1048576K
}
Event: 370.569 GC heap before
{Heap before GC invocations=356 (full 220):
 PSYoungGen      total 51200K, used 37374K [0x00000000f5580000, 0x00000000f9700000, 0x0000000100000000)
  eden space 37376K, 99% used [0x00000000f5580000,0x00000000f79ff808,0x00000000f7a00000)
  from space 13824K, 0% used [0x00000000f7a00000,0x00000000f7a00000,0x00000000f8780000)
  to   space 13824K, 0% used [0x00000000f8780000,0x00000000f8780000,0x00000000f9500000)
 ParOldGen       total 349696K, used 349693K [0x00000000e0000000, 0x00000000f5580000, 0x00000000f5580000)
  object space 349696K, 99% used [0x00000000e0000000,0x00000000f557f4d8,0x00000000f5580000)
 Metaspace       used 61475K, committed 62656K, reserved 1105920K
  class space    used 6051K, committed 6528K, reserved 1048576K
}
Event: 371.913 GC heap after
{Heap after GC invocations=356 (full 220):
 PSYoungGen      total 51200K, used 37374K [0x00000000f5580000, 0x00000000f9700000, 0x0000000100000000)
  eden space 37376K, 99% used [0x00000000f5580000,0x00000000f79ff808,0x00000000f7a00000)
  from space 13824K, 0% used [0x00000000f8780000,0x00000000f8780000,0x00000000f9500000)
  to   space 13824K, 0% used [0x00000000f7a00000,0x00000000f7a00000,0x00000000f8780000)
 ParOldGen       total 349696K, used 349693K [0x00000000e0000000, 0x00000000f5580000, 0x00000000f5580000)
  object space 349696K, 99% used [0x00000000e0000000,0x00000000f557f4d8,0x00000000f5580000)
 Metaspace       used 61475K, committed 62656K, reserved 1105920K
  class space    used 6051K, committed 6528K, reserved 1048576K
}

